<?xml version="1.0" encoding="UTF-8"?>
<!-- Generated by org.testng.reporters.JUnitXMLReporter -->
<testsuite hostname="DESKTOP-UNB1F82" ignored="0" name="Command line test" tests="4" failures="0" timestamp="30 May 2019 20:05:01 GMT" time="81.446" errors="0">
  <testcase name="verify_pageTitle_of_findAMeetinPage" time="6.163" classname="testCases.FindAMeetingPageTest"/>
  <testcase name="verifyPageTitleOf_home_page" time="0.017" classname="testCases.HomePageTest"/>
  <testcase name="verify_firstResult_studioName_and_distance" time="5.068" classname="testCases.SearchResultsPageTest"/>
  <testcase name="print_TODAYS_hours_of_operation" time="6.265" classname="testCases.StudioPageTest"/>
</testsuite> <!-- Command line test -->
