<?xml version="1.0" encoding="UTF-8"?>
<testng-results skipped="0" failed="0" ignored="0" total="1" passed="1">
  <reporter-output>
  </reporter-output>
  <suite name="Default suite" duration-ms="20224" started-at="2019-05-30T20:01:06Z" finished-at="2019-05-30T20:01:26Z">
    <groups>
    </groups>
    <test name="Default test" duration-ms="20224" started-at="2019-05-30T20:01:06Z" finished-at="2019-05-30T20:01:26Z">
      <class name="testCases.StudioPageTest">
        <test-method status="PASS" signature="setUp()[pri:0, instance:testCases.StudioPageTest@464bee09]" name="setUp" is-config="true" duration-ms="9246" started-at="2019-05-30T20:01:06Z" finished-at="2019-05-30T20:01:15Z">
          <reporter-output>
          </reporter-output>
        </test-method> <!-- setUp -->
        <test-method status="PASS" signature="print_TODAYS_hours_of_operation()[pri:0, instance:testCases.StudioPageTest@464bee09]" name="print_TODAYS_hours_of_operation" duration-ms="5552" started-at="2019-05-30T20:01:15Z" finished-at="2019-05-30T20:01:21Z">
          <reporter-output>
          </reporter-output>
        </test-method> <!-- print_TODAYS_hours_of_operation -->
        <test-method status="PASS" signature="tearDown()[pri:0, instance:testCases.StudioPageTest@464bee09]" name="tearDown" is-config="true" duration-ms="5392" started-at="2019-05-30T20:01:21Z" finished-at="2019-05-30T20:01:26Z">
          <reporter-output>
          </reporter-output>
        </test-method> <!-- tearDown -->
      </class> <!-- testCases.StudioPageTest -->
    </test> <!-- Default test -->
  </suite> <!-- Default suite -->
</testng-results>
